<?xml version="1.0" encoding="UTF-8"?>
<!-- Generated by org.testng.reporters.JUnitXMLReporter -->
<testsuite ignored="0" hostname="ana-pc" failures="0" tests="15" name="Default test" time="38.448" errors="0" timestamp="2023-11-14T21:19:09 EST">
  <testcase classname="Pages.TestNopCommerce" name="clickEletronicsMenu" time="2.137"/>
  <testcase classname="Pages.TestNopCommerce" name="testCellphonesgSubMenu" time="0.028"/>
  <testcase classname="Pages.TestNopCommerce" name="testHTConeImage" time="2.843"/>
  <testcase classname="Pages.TestNopCommerce" name="testAddToCart" time="2.042"/>
  <testcase classname="Pages.TestNopCommerce" name="testShoppingCart" time="2.272"/>
  <testcase classname="Pages.TestNopCommerce" name="testTermsAndConditions" time="2.053"/>
  <testcase classname="Pages.TestNopCommerce" name="testCheckout" time="2.396"/>
  <testcase classname="Pages.TestNopCommerce" name="testCheckoutAsGuest" time="2.426"/>
  <testcase classname="Pages.TestNopCommerce" name="testBillingInformation" time="2.539"/>
  <testcase classname="Pages.TestNopCommerce" name="testBillingSaveButton" time="2.039"/>
  <testcase classname="Pages.TestNopCommerce" name="testShippingMethodNextStepButton" time="2.04"/>
  <testcase classname="Pages.TestNopCommerce" name="testPaymentMethodNextStepButton" time="2.036"/>
  <testcase classname="Pages.TestNopCommerce" name="testPaymentInfoNextStepButton" time="2.037"/>
  <testcase classname="Pages.TestNopCommerce" name="testConfirmButton" time="2.043"/>
  <testcase classname="Pages.TestNopCommerce" name="testContinueButton" time="2.253"/>
</testsuite> <!-- Default test -->
