<?xml version="1.0" encoding="UTF-8"?>
<!-- Generated by org.testng.reporters.JUnitReportReporter -->
<testsuite hostname="ana-pc" failures="0" tests="15" name="Pages.TestNopCommerce" time="30.856" errors="0" timestamp="2023-11-14T21:22:27 EST" skipped="0">
  <testcase classname="Pages.TestNopCommerce" name="clickEletronicsMenu" time="2.159"/>
  <testcase classname="Pages.TestNopCommerce" name="testCellphonesgSubMenu" time="0.029"/>
  <testcase classname="Pages.TestNopCommerce" name="testHTConeImage" time="2.554"/>
  <testcase classname="Pages.TestNopCommerce" name="testAddToCart" time="2.036"/>
  <testcase classname="Pages.TestNopCommerce" name="testShoppingCart" time="2.273"/>
  <testcase classname="Pages.TestNopCommerce" name="testTermsAndConditions" time="2.054"/>
  <testcase classname="Pages.TestNopCommerce" name="testCheckout" time="2.377"/>
  <testcase classname="Pages.TestNopCommerce" name="testCheckoutAsGuest" time="2.435"/>
  <testcase classname="Pages.TestNopCommerce" name="testBillingInformation" time="2.533"/>
  <testcase classname="Pages.TestNopCommerce" name="testBillingSaveButton" time="2.037"/>
  <testcase classname="Pages.TestNopCommerce" name="testShippingMethodNextStepButton" time="2.037"/>
  <testcase classname="Pages.TestNopCommerce" name="testPaymentMethodNextStepButton" time="2.037"/>
  <testcase classname="Pages.TestNopCommerce" name="testPaymentInfoNextStepButton" time="2.035"/>
  <testcase classname="Pages.TestNopCommerce" name="testConfirmButton" time="2.050"/>
  <testcase classname="Pages.TestNopCommerce" name="testContinueButton" time="2.210"/>
</testsuite> <!-- Pages.TestNopCommerce -->
